<?xml version="1.0" encoding="UTF-8"?>
<testsuite name="com.ait.phonebook.LoginTests" tests="1" skipped="0" failures="0" errors="0" timestamp="2023-09-11T12:05:08" hostname="MacBook-Air-MayyaKatts.local" time="1.572">
  <properties/>
  <testcase name="loginPositiveTest" classname="com.ait.phonebook.LoginTests" time="1.572"/>
  <system-out><![CDATA[15:05:08.065 [Test worker] INFO  com.ait.phonebook.TestBase -- Start test loginPositiveTest
15:05:09.895 [Test worker] INFO  com.ait.phonebook.TestBase -- PASSED: loginPositiveTest
15:05:09.896 [Test worker] INFO  com.ait.phonebook.TestBase -- Stop test
15:05:09.898 [Test worker] INFO  com.ait.phonebook.TestBase -- ************     ***********    *************
]]></system-out>
  <system-err><![CDATA[]]></system-err>
</testsuite>
